
{"message":"Sat, 09-01-18 4:04:38 PM collection:products method:find","level":"info"}
{"message":"::1 - - [01/Sep/2018:21:04:38 +0000] \"GET /products HTTP/1.1\" 304 -\n","level":"info"}
{"message":"Sat, 09-01-18 4:15:42 PM collection:products method:find","level":"info"}
{"message":"::1 - - [01/Sep/2018:21:15:42 +0000] \"GET /products HTTP/1.1\" 304 -\n","level":"info"}
{"level":"info","message":"%d collectionName:%d method:%d"}
{"message":"::1 - - [01/Sep/2018:21:47:07 +0000] \"GET /products HTTP/1.1\" 304 -\n","level":"info"}
{"message":"Sat, 09-01-18 4:53:27 PM collection:products method:find","level":"info"}
{"message":"::1 - - [01/Sep/2018:21:53:27 +0000] \"GET /products HTTP/1.1\" 304 -\n","level":"info"}
{"message":"Sat, 09-01-18 5:12:25 PM collection:products method:find","level":"info"}
{"message":"::1 - - [01/Sep/2018:22:12:25 +0000] \"GET /products HTTP/1.1\" 304 -\n","level":"info"}
{"message":"Sat, 09-01-18 5:14:36 PM collection:products method:find","level":"info"}
{"message":"::1 - - [01/Sep/2018:22:14:36 +0000] \"GET /products HTTP/1.1\" 304 -\n","level":"info"}
{"message":"::1 - - [02/Sep/2018:19:07:44 +0000] \"GET / HTTP/1.1\" 200 29\n","level":"info"}
{"message":"::1 - - [02/Sep/2018:19:07:45 +0000] \"GET /favicon.ico HTTP/1.1\" 404 150\n","level":"info"}
{"message":"::1 - - [02/Sep/2018:19:18:55 +0000] \"GET / HTTP/1.1\" 304 -\n","level":"info"}
{"message":"::1 - - [02/Sep/2018:19:32:31 +0000] \"GET / HTTP/1.1\" 304 -\n","level":"info"}
{"message":"::1 - - [02/Sep/2018:19:37:50 +0000] \"GET / HTTP/1.1\" 304 -\n","level":"info"}
{"message":"::1 - - [02/Sep/2018:19:39:23 +0000] \"GET / HTTP/1.1\" 304 -\n","level":"info"}
{"message":"::1 - - [02/Sep/2018:19:39:24 +0000] \"GET / HTTP/1.1\" 304 -\n","level":"info"}
{"message":"::1 - - [02/Sep/2018:19:43:51 +0000] \"GET / HTTP/1.1\" 200 31\n","level":"info"}
{"message":"::1 - - [02/Sep/2018:19:45:23 +0000] \"GET / HTTP/1.1\" 304 -\n","level":"info"}
{"message":"::1 - - [02/Sep/2018:19:47:51 +0000] \"GET / HTTP/1.1\" 304 -\n","level":"info"}
{"message":"::1 - - [02/Sep/2018:19:50:57 +0000] \"GET / HTTP/1.1\" 304 -\n","level":"info"}
{"message":"::1 - - [02/Sep/2018:20:07:31 +0000] \"GET / HTTP/1.1\" 304 -\n","level":"info"}
{"message":"::1 - - [03/Sep/2018:14:05:41 +0000] \"GET / HTTP/1.1\" 304 -\n","level":"info"}
{"message":"::1 - - [03/Sep/2018:14:07:11 +0000] \"GET / HTTP/1.1\" 200 -\n","level":"info"}
{"message":"::1 - - [03/Sep/2018:14:07:11 +0000] \"GET /assets/css/nucleo-icons.css HTTP/1.1\" 404 166\n","level":"info"}
{"message":"::1 - - [03/Sep/2018:14:07:11 +0000] \"GET /assets/css/bootstrap.min.css HTTP/1.1\" 404 167\n","level":"info"}
{"message":"::1 - - [03/Sep/2018:14:07:11 +0000] \"GET /assets/css/black-dashboard.css?v=1.0.0 HTTP/1.1\" 404 169\n","level":"info"}
{"message":"::1 - - [03/Sep/2018:14:07:11 +0000] \"GET /assets/demo/demo.css HTTP/1.1\" 404 159\n","level":"info"}
{"message":"::1 - - [03/Sep/2018:14:07:11 +0000] \"GET /assets/img/anime3.png HTTP/1.1\" 404 160\n","level":"info"}
{"message":"::1 - - [03/Sep/2018:14:07:11 +0000] \"GET /assets/js/core/jquery.min.js HTTP/1.1\" 404 167\n","level":"info"}
{"message":"::1 - - [03/Sep/2018:14:07:11 +0000] \"GET /assets/js/core/popper.min.js HTTP/1.1\" 404 167\n","level":"info"}
{"message":"::1 - - [03/Sep/2018:14:07:11 +0000] \"GET /assets/js/core/bootstrap.min.js HTTP/1.1\" 404 170\n","level":"info"}
{"message":"::1 - - [03/Sep/2018:14:07:11 +0000] \"GET /assets/js/plugins/perfect-scrollbar.jquery.min.js HTTP/1.1\" 404 188\n","level":"info"}
{"message":"::1 - - [03/Sep/2018:14:07:11 +0000] \"GET /assets/js/plugins/chartjs.min.js HTTP/1.1\" 404 171\n","level":"info"}
{"message":"::1 - - [03/Sep/2018:14:07:11 +0000] \"GET /assets/js/plugins/bootstrap-notify.js HTTP/1.1\" 404 176\n","level":"info"}
{"message":"::1 - - [03/Sep/2018:14:07:11 +0000] \"GET /assets/js/black-dashboard.min.js?v=1.0.0 HTTP/1.1\" 404 171\n","level":"info"}
{"message":"::1 - - [03/Sep/2018:14:07:11 +0000] \"GET /assets/demo/demo.js HTTP/1.1\" 404 158\n","level":"info"}
{"message":"::1 - - [03/Sep/2018:14:07:11 +0000] \"GET /assets/js/core/jquery.min.js HTTP/1.1\" 404 167\n","level":"info"}
{"message":"::1 - - [03/Sep/2018:14:07:11 +0000] \"GET /assets/js/core/popper.min.js HTTP/1.1\" 404 167\n","level":"info"}
{"message":"::1 - - [03/Sep/2018:14:07:11 +0000] \"GET /assets/js/core/bootstrap.min.js HTTP/1.1\" 404 170\n","level":"info"}
{"message":"::1 - - [03/Sep/2018:14:07:11 +0000] \"GET /assets/js/plugins/perfect-scrollbar.jquery.min.js HTTP/1.1\" 404 188\n","level":"info"}
{"message":"::1 - - [03/Sep/2018:14:07:11 +0000] \"GET /assets/js/plugins/chartjs.min.js HTTP/1.1\" 404 171\n","level":"info"}
{"message":"::1 - - [03/Sep/2018:14:07:11 +0000] \"GET /assets/js/plugins/bootstrap-notify.js HTTP/1.1\" 404 176\n","level":"info"}
{"message":"::1 - - [03/Sep/2018:14:07:11 +0000] \"GET /assets/js/black-dashboard.min.js?v=1.0.0 HTTP/1.1\" 404 171\n","level":"info"}
{"message":"::1 - - [03/Sep/2018:14:07:11 +0000] \"GET /assets/demo/demo.js HTTP/1.1\" 404 158\n","level":"info"}
{"message":"::1 - - [03/Sep/2018:14:07:12 +0000] \"GET /assets/img/favicon.png HTTP/1.1\" 404 161\n","level":"info"}
{"message":"::1 - - [03/Sep/2018:14:07:20 +0000] \"GET /assets/css/nucleo-icons.css HTTP/1.1\" 404 166\n","level":"info"}
{"message":"::1 - - [03/Sep/2018:14:07:20 +0000] \"GET /assets/css/bootstrap.min.css HTTP/1.1\" 404 167\n","level":"info"}
{"message":"::1 - - [03/Sep/2018:14:07:20 +0000] \"GET /assets/css/black-dashboard.css?v=1.0.0 HTTP/1.1\" 404 169\n","level":"info"}
{"message":"::1 - - [03/Sep/2018:14:07:20 +0000] \"GET /assets/demo/demo.css HTTP/1.1\" 404 159\n","level":"info"}
{"message":"::1 - - [03/Sep/2018:14:10:08 +0000] \"GET / HTTP/1.1\" 304 -\n","level":"info"}
{"message":"::1 - - [03/Sep/2018:14:10:08 +0000] \"GET /assets/css/nucleo-icons.css HTTP/1.1\" 404 166\n","level":"info"}
{"message":"::1 - - [03/Sep/2018:14:10:08 +0000] \"GET /assets/css/bootstrap.min.css HTTP/1.1\" 404 167\n","level":"info"}
{"message":"::1 - - [03/Sep/2018:14:10:08 +0000] \"GET /assets/css/black-dashboard.css?v=1.0.0 HTTP/1.1\" 404 169\n","level":"info"}
{"message":"::1 - - [03/Sep/2018:14:10:08 +0000] \"GET /assets/img/anime3.png HTTP/1.1\" 404 160\n","level":"info"}
{"message":"::1 - - [03/Sep/2018:14:10:08 +0000] \"GET /assets/js/core/jquery.min.js HTTP/1.1\" 404 167\n","level":"info"}
{"message":"::1 - - [03/Sep/2018:14:10:08 +0000] \"GET /assets/demo/demo.css HTTP/1.1\" 404 159\n","level":"info"}
{"message":"::1 - - [03/Sep/2018:14:10:08 +0000] \"GET /assets/js/core/popper.min.js HTTP/1.1\" 404 167\n","level":"info"}
{"message":"::1 - - [03/Sep/2018:14:10:08 +0000] \"GET /assets/js/core/bootstrap.min.js HTTP/1.1\" 404 170\n","level":"info"}
{"message":"::1 - - [03/Sep/2018:14:10:08 +0000] \"GET /assets/js/plugins/perfect-scrollbar.jquery.min.js HTTP/1.1\" 404 188\n","level":"info"}
{"message":"::1 - - [03/Sep/2018:14:10:08 +0000] \"GET /assets/js/plugins/chartjs.min.js HTTP/1.1\" 404 171\n","level":"info"}
{"message":"::1 - - [03/Sep/2018:14:10:08 +0000] \"GET /assets/js/plugins/bootstrap-notify.js HTTP/1.1\" 404 176\n","level":"info"}
{"message":"::1 - - [03/Sep/2018:14:10:08 +0000] \"GET /assets/js/black-dashboard.min.js?v=1.0.0 HTTP/1.1\" 404 171\n","level":"info"}
{"message":"::1 - - [03/Sep/2018:14:10:08 +0000] \"GET /assets/demo/demo.js HTTP/1.1\" 404 158\n","level":"info"}
{"message":"::1 - - [03/Sep/2018:14:10:08 +0000] \"GET /assets/js/core/jquery.min.js HTTP/1.1\" 404 167\n","level":"info"}
{"message":"::1 - - [03/Sep/2018:14:10:08 +0000] \"GET /assets/js/core/popper.min.js HTTP/1.1\" 404 167\n","level":"info"}
{"message":"::1 - - [03/Sep/2018:14:10:08 +0000] \"GET /assets/js/core/bootstrap.min.js HTTP/1.1\" 404 170\n","level":"info"}
{"message":"::1 - - [03/Sep/2018:14:10:08 +0000] \"GET /assets/js/plugins/perfect-scrollbar.jquery.min.js HTTP/1.1\" 404 188\n","level":"info"}
{"message":"::1 - - [03/Sep/2018:14:10:08 +0000] \"GET /assets/js/plugins/chartjs.min.js HTTP/1.1\" 404 171\n","level":"info"}
{"message":"::1 - - [03/Sep/2018:14:10:08 +0000] \"GET /assets/js/plugins/bootstrap-notify.js HTTP/1.1\" 404 176\n","level":"info"}
{"message":"::1 - - [03/Sep/2018:14:10:08 +0000] \"GET /assets/js/black-dashboard.min.js?v=1.0.0 HTTP/1.1\" 404 171\n","level":"info"}
{"message":"::1 - - [03/Sep/2018:14:10:08 +0000] \"GET /assets/demo/demo.js HTTP/1.1\" 404 158\n","level":"info"}
{"message":"::1 - - [03/Sep/2018:14:18:45 +0000] \"GET / HTTP/1.1\" 304 -\n","level":"info"}
{"message":"::1 - - [03/Sep/2018:14:18:45 +0000] \"GET /assets/css/nucleo-icons.css HTTP/1.1\" 404 166\n","level":"info"}
{"message":"::1 - - [03/Sep/2018:14:18:45 +0000] \"GET /assets/css/bootstrap.min.css HTTP/1.1\" 404 167\n","level":"info"}
{"message":"::1 - - [03/Sep/2018:14:18:45 +0000] \"GET /assets/css/black-dashboard.css?v=1.0.0 HTTP/1.1\" 404 169\n","level":"info"}
{"message":"::1 - - [03/Sep/2018:14:18:45 +0000] \"GET /assets/demo/demo.css HTTP/1.1\" 404 159\n","level":"info"}
{"message":"::1 - - [03/Sep/2018:14:18:45 +0000] \"GET /assets/img/anime3.png HTTP/1.1\" 404 160\n","level":"info"}
{"message":"::1 - - [03/Sep/2018:14:18:45 +0000] \"GET /assets/js/core/jquery.min.js HTTP/1.1\" 404 167\n","level":"info"}
{"message":"::1 - - [03/Sep/2018:14:18:45 +0000] \"GET /assets/js/core/popper.min.js HTTP/1.1\" 404 167\n","level":"info"}
{"message":"::1 - - [03/Sep/2018:14:18:45 +0000] \"GET /assets/js/core/bootstrap.min.js HTTP/1.1\" 404 170\n","level":"info"}
{"message":"::1 - - [03/Sep/2018:14:18:45 +0000] \"GET /assets/js/plugins/perfect-scrollbar.jquery.min.js HTTP/1.1\" 404 188\n","level":"info"}
{"message":"::1 - - [03/Sep/2018:14:18:45 +0000] \"GET /assets/js/plugins/chartjs.min.js HTTP/1.1\" 404 171\n","level":"info"}
{"message":"::1 - - [03/Sep/2018:14:18:45 +0000] \"GET /assets/js/plugins/bootstrap-notify.js HTTP/1.1\" 404 176\n","level":"info"}
{"message":"::1 - - [03/Sep/2018:14:18:45 +0000] \"GET /assets/js/black-dashboard.min.js?v=1.0.0 HTTP/1.1\" 404 171\n","level":"info"}
{"message":"::1 - - [03/Sep/2018:14:18:45 +0000] \"GET /assets/demo/demo.js HTTP/1.1\" 404 158\n","level":"info"}
{"message":"::1 - - [03/Sep/2018:14:18:45 +0000] \"GET /assets/js/core/jquery.min.js HTTP/1.1\" 404 167\n","level":"info"}
{"message":"::1 - - [03/Sep/2018:14:18:45 +0000] \"GET /assets/js/core/popper.min.js HTTP/1.1\" 404 167\n","level":"info"}
{"message":"::1 - - [03/Sep/2018:14:18:45 +0000] \"GET /assets/js/core/bootstrap.min.js HTTP/1.1\" 404 170\n","level":"info"}
{"message":"::1 - - [03/Sep/2018:14:18:45 +0000] \"GET /assets/js/plugins/perfect-scrollbar.jquery.min.js HTTP/1.1\" 404 188\n","level":"info"}
{"message":"::1 - - [03/Sep/2018:14:18:45 +0000] \"GET /assets/js/plugins/chartjs.min.js HTTP/1.1\" 404 171\n","level":"info"}
{"message":"::1 - - [03/Sep/2018:14:18:45 +0000] \"GET /assets/js/plugins/bootstrap-notify.js HTTP/1.1\" 404 176\n","level":"info"}
{"message":"::1 - - [03/Sep/2018:14:18:45 +0000] \"GET /assets/js/black-dashboard.min.js?v=1.0.0 HTTP/1.1\" 404 171\n","level":"info"}
{"message":"::1 - - [03/Sep/2018:14:18:45 +0000] \"GET /assets/demo/demo.js HTTP/1.1\" 404 158\n","level":"info"}
{"message":"::1 - - [03/Sep/2018:14:29:30 +0000] \"GET / HTTP/1.1\" 304 -\n","level":"info"}
{"message":"::1 - - [03/Sep/2018:14:29:30 +0000] \"GET /assets/css/nucleo-icons.css HTTP/1.1\" 404 166\n","level":"info"}
{"message":"::1 - - [03/Sep/2018:14:29:30 +0000] \"GET /assets/css/bootstrap.min.css HTTP/1.1\" 404 167\n","level":"info"}
{"message":"::1 - - [03/Sep/2018:14:29:30 +0000] \"GET /assets/css/black-dashboard.css?v=1.0.0 HTTP/1.1\" 404 169\n","level":"info"}
{"message":"::1 - - [03/Sep/2018:14:29:30 +0000] \"GET /assets/demo/demo.css HTTP/1.1\" 404 159\n","level":"info"}
{"message":"::1 - - [03/Sep/2018:14:29:30 +0000] \"GET /assets/img/anime3.png HTTP/1.1\" 404 160\n","level":"info"}
{"message":"::1 - - [03/Sep/2018:14:29:30 +0000] \"GET /assets/js/core/jquery.min.js HTTP/1.1\" 404 167\n","level":"info"}
{"message":"::1 - - [03/Sep/2018:14:29:30 +0000] \"GET /assets/js/core/popper.min.js HTTP/1.1\" 404 167\n","level":"info"}
{"message":"::1 - - [03/Sep/2018:14:29:30 +0000] \"GET /assets/js/core/bootstrap.min.js HTTP/1.1\" 404 170\n","level":"info"}
{"message":"::1 - - [03/Sep/2018:14:29:30 +0000] \"GET /assets/js/plugins/perfect-scrollbar.jquery.min.js HTTP/1.1\" 404 188\n","level":"info"}
{"message":"::1 - - [03/Sep/2018:14:29:30 +0000] \"GET /assets/js/plugins/chartjs.min.js HTTP/1.1\" 404 171\n","level":"info"}
{"message":"::1 - - [03/Sep/2018:14:29:30 +0000] \"GET /assets/js/plugins/bootstrap-notify.js HTTP/1.1\" 404 176\n","level":"info"}
{"message":"::1 - - [03/Sep/2018:14:29:30 +0000] \"GET /assets/js/black-dashboard.min.js?v=1.0.0 HTTP/1.1\" 404 171\n","level":"info"}
{"message":"::1 - - [03/Sep/2018:14:29:30 +0000] \"GET /assets/demo/demo.js HTTP/1.1\" 404 158\n","level":"info"}
{"message":"::1 - - [03/Sep/2018:14:29:30 +0000] \"GET /assets/js/core/jquery.min.js HTTP/1.1\" 404 167\n","level":"info"}
{"message":"::1 - - [03/Sep/2018:14:29:30 +0000] \"GET /assets/js/core/popper.min.js HTTP/1.1\" 404 167\n","level":"info"}
{"message":"::1 - - [03/Sep/2018:14:29:30 +0000] \"GET /assets/js/core/bootstrap.min.js HTTP/1.1\" 404 170\n","level":"info"}
{"message":"::1 - - [03/Sep/2018:14:29:30 +0000] \"GET /assets/js/plugins/perfect-scrollbar.jquery.min.js HTTP/1.1\" 404 188\n","level":"info"}
{"message":"::1 - - [03/Sep/2018:14:29:30 +0000] \"GET /assets/js/plugins/chartjs.min.js HTTP/1.1\" 404 171\n","level":"info"}
{"message":"::1 - - [03/Sep/2018:14:29:30 +0000] \"GET /assets/js/plugins/bootstrap-notify.js HTTP/1.1\" 404 176\n","level":"info"}
{"message":"::1 - - [03/Sep/2018:14:29:30 +0000] \"GET /assets/js/black-dashboard.min.js?v=1.0.0 HTTP/1.1\" 404 171\n","level":"info"}
{"message":"::1 - - [03/Sep/2018:14:29:30 +0000] \"GET /assets/demo/demo.js HTTP/1.1\" 404 158\n","level":"info"}
{"message":"::1 - - [03/Sep/2018:14:30:28 +0000] \"GET / HTTP/1.1\" 304 -\n","level":"info"}
{"message":"::1 - - [03/Sep/2018:14:30:28 +0000] \"GET /assets/css/nucleo-icons.css HTTP/1.1\" 404 166\n","level":"info"}
{"message":"::1 - - [03/Sep/2018:14:30:28 +0000] \"GET /assets/css/bootstrap.min.css HTTP/1.1\" 404 167\n","level":"info"}
{"message":"::1 - - [03/Sep/2018:14:30:28 +0000] \"GET /assets/css/black-dashboard.css?v=1.0.0 HTTP/1.1\" 404 169\n","level":"info"}
{"message":"::1 - - [03/Sep/2018:14:30:28 +0000] \"GET /assets/demo/demo.css HTTP/1.1\" 404 159\n","level":"info"}
{"message":"::1 - - [03/Sep/2018:14:30:28 +0000] \"GET /assets/img/anime3.png HTTP/1.1\" 404 160\n","level":"info"}
{"message":"::1 - - [03/Sep/2018:14:30:28 +0000] \"GET /assets/js/core/jquery.min.js HTTP/1.1\" 404 167\n","level":"info"}
{"message":"::1 - - [03/Sep/2018:14:30:29 +0000] \"GET /assets/js/core/popper.min.js HTTP/1.1\" 404 167\n","level":"info"}
{"message":"::1 - - [03/Sep/2018:14:30:29 +0000] \"GET /assets/js/core/bootstrap.min.js HTTP/1.1\" 404 170\n","level":"info"}
{"message":"::1 - - [03/Sep/2018:14:30:29 +0000] \"GET /assets/js/plugins/perfect-scrollbar.jquery.min.js HTTP/1.1\" 404 188\n","level":"info"}
{"message":"::1 - - [03/Sep/2018:14:30:29 +0000] \"GET /assets/js/plugins/chartjs.min.js HTTP/1.1\" 404 171\n","level":"info"}
{"message":"::1 - - [03/Sep/2018:14:30:29 +0000] \"GET /assets/js/plugins/bootstrap-notify.js HTTP/1.1\" 404 176\n","level":"info"}
{"message":"::1 - - [03/Sep/2018:14:30:29 +0000] \"GET /assets/js/black-dashboard.min.js?v=1.0.0 HTTP/1.1\" 404 171\n","level":"info"}
{"message":"::1 - - [03/Sep/2018:14:30:29 +0000] \"GET /assets/demo/demo.js HTTP/1.1\" 404 158\n","level":"info"}
{"message":"::1 - - [03/Sep/2018:14:30:29 +0000] \"GET /assets/js/core/jquery.min.js HTTP/1.1\" 404 167\n","level":"info"}
{"message":"::1 - - [03/Sep/2018:14:30:29 +0000] \"GET /assets/js/core/popper.min.js HTTP/1.1\" 404 167\n","level":"info"}
{"message":"::1 - - [03/Sep/2018:14:30:29 +0000] \"GET /assets/js/core/bootstrap.min.js HTTP/1.1\" 404 170\n","level":"info"}
{"message":"::1 - - [03/Sep/2018:14:30:29 +0000] \"GET /assets/js/plugins/perfect-scrollbar.jquery.min.js HTTP/1.1\" 404 188\n","level":"info"}
{"message":"::1 - - [03/Sep/2018:14:30:29 +0000] \"GET /assets/js/plugins/chartjs.min.js HTTP/1.1\" 404 171\n","level":"info"}
{"message":"::1 - - [03/Sep/2018:14:30:29 +0000] \"GET /assets/js/plugins/bootstrap-notify.js HTTP/1.1\" 404 176\n","level":"info"}
{"message":"::1 - - [03/Sep/2018:14:30:29 +0000] \"GET /assets/js/black-dashboard.min.js?v=1.0.0 HTTP/1.1\" 404 171\n","level":"info"}
{"message":"::1 - - [03/Sep/2018:14:30:29 +0000] \"GET /assets/demo/demo.js HTTP/1.1\" 404 158\n","level":"info"}
{"message":"::1 - - [03/Sep/2018:14:34:45 +0000] \"GET / HTTP/1.1\" 304 -\n","level":"info"}
{"message":"::1 - - [03/Sep/2018:14:34:45 +0000] \"GET /assets/css/nucleo-icons.css HTTP/1.1\" 404 166\n","level":"info"}
{"message":"::1 - - [03/Sep/2018:14:34:45 +0000] \"GET /assets/css/black-dashboard.css?v=1.0.0 HTTP/1.1\" 404 169\n","level":"info"}
{"message":"::1 - - [03/Sep/2018:14:34:45 +0000] \"GET /assets/demo/demo.css HTTP/1.1\" 404 159\n","level":"info"}
{"message":"::1 - - [03/Sep/2018:14:34:45 +0000] \"GET /assets/css/bootstrap.min.css HTTP/1.1\" 404 167\n","level":"info"}
{"message":"::1 - - [03/Sep/2018:14:34:45 +0000] \"GET /assets/img/anime3.png HTTP/1.1\" 404 160\n","level":"info"}
{"message":"::1 - - [03/Sep/2018:14:34:45 +0000] \"GET /assets/js/core/jquery.min.js HTTP/1.1\" 404 167\n","level":"info"}
{"message":"::1 - - [03/Sep/2018:14:34:45 +0000] \"GET /assets/js/core/popper.min.js HTTP/1.1\" 404 167\n","level":"info"}
{"message":"::1 - - [03/Sep/2018:14:34:45 +0000] \"GET /assets/js/core/bootstrap.min.js HTTP/1.1\" 404 170\n","level":"info"}
{"message":"::1 - - [03/Sep/2018:14:34:45 +0000] \"GET /assets/js/plugins/perfect-scrollbar.jquery.min.js HTTP/1.1\" 404 188\n","level":"info"}
{"message":"::1 - - [03/Sep/2018:14:34:45 +0000] \"GET /assets/js/plugins/chartjs.min.js HTTP/1.1\" 404 171\n","level":"info"}
{"message":"::1 - - [03/Sep/2018:14:34:45 +0000] \"GET /assets/js/plugins/bootstrap-notify.js HTTP/1.1\" 404 176\n","level":"info"}
{"message":"::1 - - [03/Sep/2018:14:34:45 +0000] \"GET /assets/js/black-dashboard.min.js?v=1.0.0 HTTP/1.1\" 404 171\n","level":"info"}
{"message":"::1 - - [03/Sep/2018:14:34:45 +0000] \"GET /assets/demo/demo.js HTTP/1.1\" 404 158\n","level":"info"}
{"message":"::1 - - [03/Sep/2018:14:34:45 +0000] \"GET /assets/js/core/jquery.min.js HTTP/1.1\" 404 167\n","level":"info"}
{"message":"::1 - - [03/Sep/2018:14:34:45 +0000] \"GET /assets/js/core/popper.min.js HTTP/1.1\" 404 167\n","level":"info"}
{"message":"::1 - - [03/Sep/2018:14:34:45 +0000] \"GET /assets/js/core/bootstrap.min.js HTTP/1.1\" 404 170\n","level":"info"}
{"message":"::1 - - [03/Sep/2018:14:34:45 +0000] \"GET /assets/js/plugins/perfect-scrollbar.jquery.min.js HTTP/1.1\" 404 188\n","level":"info"}
{"message":"::1 - - [03/Sep/2018:14:34:45 +0000] \"GET /assets/js/plugins/chartjs.min.js HTTP/1.1\" 404 171\n","level":"info"}
{"message":"::1 - - [03/Sep/2018:14:34:45 +0000] \"GET /assets/js/plugins/bootstrap-notify.js HTTP/1.1\" 404 176\n","level":"info"}
{"message":"::1 - - [03/Sep/2018:14:34:45 +0000] \"GET /assets/js/black-dashboard.min.js?v=1.0.0 HTTP/1.1\" 404 171\n","level":"info"}
{"message":"::1 - - [03/Sep/2018:14:34:45 +0000] \"GET /assets/demo/demo.js HTTP/1.1\" 404 158\n","level":"info"}
{"message":"::1 - - [03/Sep/2018:14:35:06 +0000] \"GET / HTTP/1.1\" 200 -\n","level":"info"}
{"message":"::1 - - [03/Sep/2018:14:35:06 +0000] \"GET /assets/css/nucleo-icons.css HTTP/1.1\" 404 166\n","level":"info"}
{"message":"::1 - - [03/Sep/2018:14:35:06 +0000] \"GET /assets/css/bootstrap.min.css HTTP/1.1\" 404 167\n","level":"info"}
{"message":"::1 - - [03/Sep/2018:14:35:06 +0000] \"GET /assets/css/black-dashboard.css?v=1.0.0 HTTP/1.1\" 404 169\n","level":"info"}
{"message":"::1 - - [03/Sep/2018:14:35:06 +0000] \"GET /assets/demo/demo.css HTTP/1.1\" 404 159\n","level":"info"}
{"message":"::1 - - [03/Sep/2018:14:35:06 +0000] \"GET /assets/js/core/bootstrap.min.js HTTP/1.1\" 404 170\n","level":"info"}
{"message":"::1 - - [03/Sep/2018:14:35:06 +0000] \"GET /assets/js/core/jquery.min.js HTTP/1.1\" 404 167\n","level":"info"}
{"message":"::1 - - [03/Sep/2018:14:35:06 +0000] \"GET /assets/js/core/popper.min.js HTTP/1.1\" 404 167\n","level":"info"}
{"message":"::1 - - [03/Sep/2018:14:35:06 +0000] \"GET /assets/js/plugins/perfect-scrollbar.jquery.min.js HTTP/1.1\" 404 188\n","level":"info"}
{"message":"::1 - - [03/Sep/2018:14:35:06 +0000] \"GET /assets/js/plugins/chartjs.min.js HTTP/1.1\" 404 171\n","level":"info"}
{"message":"::1 - - [03/Sep/2018:14:35:06 +0000] \"GET /assets/js/plugins/bootstrap-notify.js HTTP/1.1\" 404 176\n","level":"info"}
{"message":"::1 - - [03/Sep/2018:14:35:06 +0000] \"GET /assets/js/black-dashboard.min.js?v=1.0.0 HTTP/1.1\" 404 171\n","level":"info"}
{"message":"::1 - - [03/Sep/2018:14:35:06 +0000] \"GET /assets/demo/demo.js HTTP/1.1\" 404 158\n","level":"info"}
{"message":"::1 - - [03/Sep/2018:14:35:06 +0000] \"GET /assets/img/anime3.png HTTP/1.1\" 404 160\n","level":"info"}
{"message":"::1 - - [03/Sep/2018:14:35:07 +0000] \"GET /assets/js/core/jquery.min.js HTTP/1.1\" 404 167\n","level":"info"}
{"message":"::1 - - [03/Sep/2018:14:35:07 +0000] \"GET /assets/js/core/popper.min.js HTTP/1.1\" 404 167\n","level":"info"}
{"message":"::1 - - [03/Sep/2018:14:35:07 +0000] \"GET /assets/js/core/bootstrap.min.js HTTP/1.1\" 404 170\n","level":"info"}
{"message":"::1 - - [03/Sep/2018:14:35:07 +0000] \"GET /assets/js/plugins/perfect-scrollbar.jquery.min.js HTTP/1.1\" 404 188\n","level":"info"}
{"message":"::1 - - [03/Sep/2018:14:35:07 +0000] \"GET /assets/js/plugins/chartjs.min.js HTTP/1.1\" 404 171\n","level":"info"}
{"message":"::1 - - [03/Sep/2018:14:35:07 +0000] \"GET /assets/js/plugins/bootstrap-notify.js HTTP/1.1\" 404 176\n","level":"info"}
{"message":"::1 - - [03/Sep/2018:14:35:07 +0000] \"GET /assets/js/black-dashboard.min.js?v=1.0.0 HTTP/1.1\" 404 171\n","level":"info"}
{"message":"::1 - - [03/Sep/2018:14:35:07 +0000] \"GET /assets/demo/demo.js HTTP/1.1\" 404 158\n","level":"info"}
{"message":"::1 - - [03/Sep/2018:14:35:07 +0000] \"GET /assets/img/apple-icon.png HTTP/1.1\" 404 164\n","level":"info"}
{"message":"::1 - - [03/Sep/2018:14:35:07 +0000] \"GET /assets/img/favicon.png HTTP/1.1\" 404 161\n","level":"info"}
{"message":"::1 - - [03/Sep/2018:14:42:19 +0000] \"GET / HTTP/1.1\" 304 -\n","level":"info"}
{"message":"::1 - - [03/Sep/2018:14:42:19 +0000] \"GET /assets/css/nucleo-icons.css HTTP/1.1\" 404 166\n","level":"info"}
{"message":"::1 - - [03/Sep/2018:14:42:19 +0000] \"GET /assets/css/bootstrap.min.css HTTP/1.1\" 404 167\n","level":"info"}
{"message":"::1 - - [03/Sep/2018:14:42:19 +0000] \"GET /assets/css/black-dashboard.css?v=1.0.0 HTTP/1.1\" 404 169\n","level":"info"}
{"message":"::1 - - [03/Sep/2018:14:42:19 +0000] \"GET /assets/demo/demo.css HTTP/1.1\" 404 159\n","level":"info"}
{"message":"::1 - - [03/Sep/2018:14:42:19 +0000] \"GET /assets/js/core/jquery.min.js HTTP/1.1\" 404 167\n","level":"info"}
{"message":"::1 - - [03/Sep/2018:14:42:19 +0000] \"GET /assets/js/core/bootstrap.min.js HTTP/1.1\" 404 170\n","level":"info"}
{"message":"::1 - - [03/Sep/2018:14:42:19 +0000] \"GET /assets/js/core/popper.min.js HTTP/1.1\" 404 167\n","level":"info"}
{"message":"::1 - - [03/Sep/2018:14:42:19 +0000] \"GET /assets/js/plugins/perfect-scrollbar.jquery.min.js HTTP/1.1\" 404 188\n","level":"info"}
{"message":"::1 - - [03/Sep/2018:14:42:19 +0000] \"GET /assets/js/plugins/chartjs.min.js HTTP/1.1\" 404 171\n","level":"info"}
{"message":"::1 - - [03/Sep/2018:14:42:19 +0000] \"GET /assets/js/plugins/bootstrap-notify.js HTTP/1.1\" 404 176\n","level":"info"}
{"message":"::1 - - [03/Sep/2018:14:42:19 +0000] \"GET /assets/js/black-dashboard.min.js?v=1.0.0 HTTP/1.1\" 404 171\n","level":"info"}
{"message":"::1 - - [03/Sep/2018:14:42:19 +0000] \"GET /assets/demo/demo.js HTTP/1.1\" 404 158\n","level":"info"}
{"message":"::1 - - [03/Sep/2018:14:42:19 +0000] \"GET /assets/img/anime3.png HTTP/1.1\" 404 160\n","level":"info"}
{"message":"::1 - - [03/Sep/2018:14:42:19 +0000] \"GET /assets/js/core/jquery.min.js HTTP/1.1\" 404 167\n","level":"info"}
{"message":"::1 - - [03/Sep/2018:14:42:19 +0000] \"GET /assets/js/core/popper.min.js HTTP/1.1\" 404 167\n","level":"info"}
{"message":"::1 - - [03/Sep/2018:14:42:19 +0000] \"GET /assets/js/core/bootstrap.min.js HTTP/1.1\" 404 170\n","level":"info"}
{"message":"::1 - - [03/Sep/2018:14:42:19 +0000] \"GET /assets/js/plugins/perfect-scrollbar.jquery.min.js HTTP/1.1\" 404 188\n","level":"info"}
{"message":"::1 - - [03/Sep/2018:14:42:19 +0000] \"GET /assets/js/plugins/chartjs.min.js HTTP/1.1\" 404 171\n","level":"info"}
{"message":"::1 - - [03/Sep/2018:14:42:19 +0000] \"GET /assets/js/plugins/bootstrap-notify.js HTTP/1.1\" 404 176\n","level":"info"}
{"message":"::1 - - [03/Sep/2018:14:42:20 +0000] \"GET /assets/js/black-dashboard.min.js?v=1.0.0 HTTP/1.1\" 404 171\n","level":"info"}
{"message":"::1 - - [03/Sep/2018:14:42:20 +0000] \"GET /assets/demo/demo.js HTTP/1.1\" 404 158\n","level":"info"}
{"message":"::1 - - [03/Sep/2018:14:42:20 +0000] \"GET /favicon.ico HTTP/1.1\" 404 150\n","level":"info"}
{"message":"::1 - - [03/Sep/2018:14:45:03 +0000] \"GET /apidoc/ HTTP/1.1\" 200 -\n","level":"info"}
{"message":"::1 - - [03/Sep/2018:14:45:03 +0000] \"GET /apidoc/vendor/prettify.css HTTP/1.1\" 200 -\n","level":"info"}
{"message":"::1 - - [03/Sep/2018:14:45:03 +0000] \"GET /apidoc/css/style.css HTTP/1.1\" 200 -\n","level":"info"}
{"message":"::1 - - [03/Sep/2018:14:45:03 +0000] \"GET /apidoc/vendor/polyfill.js HTTP/1.1\" 200 -\n","level":"info"}
{"message":"::1 - - [03/Sep/2018:14:45:03 +0000] \"GET /apidoc/vendor/bootstrap.min.css HTTP/1.1\" 200 -\n","level":"info"}
{"message":"::1 - - [03/Sep/2018:14:45:03 +0000] \"GET /apidoc/vendor/require.min.js HTTP/1.1\" 200 -\n","level":"info"}
{"message":"::1 - - [03/Sep/2018:14:45:04 +0000] \"GET /apidoc/main.js HTTP/1.1\" 200 -\n","level":"info"}
{"message":"::1 - - [03/Sep/2018:14:45:05 +0000] \"GET /apidoc/vendor/jquery.min.js?v=1535985904718 HTTP/1.1\" 200 -\n","level":"info"}
{"message":"::1 - - [03/Sep/2018:14:45:05 +0000] \"GET /apidoc/locales/locale.js?v=1535985904718 HTTP/1.1\" 200 -\n","level":"info"}
{"message":"::1 - - [03/Sep/2018:14:45:05 +0000] \"GET /apidoc/vendor/lodash.custom.min.js?v=1535985904718 HTTP/1.1\" 200 -\n","level":"info"}
{"message":"::1 - - [03/Sep/2018:14:45:05 +0000] \"GET /apidoc/api_project.js?v=1535985904718 HTTP/1.1\" 200 382\n","level":"info"}
{"message":"::1 - - [03/Sep/2018:14:45:05 +0000] \"GET /apidoc/api_data.js?v=1535985904718 HTTP/1.1\" 200 -\n","level":"info"}
{"message":"::1 - - [03/Sep/2018:14:45:05 +0000] \"GET /apidoc/utils/send_sample_request.js?v=1535985904718 HTTP/1.1\" 200 -\n","level":"info"}
{"message":"::1 - - [03/Sep/2018:14:45:05 +0000] \"GET /apidoc/vendor/path-to-regexp/index.js?v=1535985904718 HTTP/1.1\" 200 -\n","level":"info"}
{"message":"::1 - - [03/Sep/2018:14:45:05 +0000] \"GET /apidoc/vendor/semver.min.js?v=1535985904718 HTTP/1.1\" 200 -\n","level":"info"}
{"message":"::1 - - [03/Sep/2018:14:45:05 +0000] \"GET /apidoc/vendor/webfontloader.js?v=1535985904718 HTTP/1.1\" 200 -\n","level":"info"}
{"message":"::1 - - [03/Sep/2018:14:45:05 +0000] \"GET /apidoc/vendor/list.min.js?v=1535985904718 HTTP/1.1\" 200 -\n","level":"info"}
{"message":"::1 - - [03/Sep/2018:14:45:05 +0000] \"GET /apidoc/locales/ca.js?v=1535985904718 HTTP/1.1\" 200 -\n","level":"info"}
{"message":"::1 - - [03/Sep/2018:14:45:05 +0000] \"GET /apidoc/locales/de.js?v=1535985904718 HTTP/1.1\" 200 -\n","level":"info"}
{"message":"::1 - - [03/Sep/2018:14:45:05 +0000] \"GET /apidoc/locales/es.js?v=1535985904718 HTTP/1.1\" 200 -\n","level":"info"}
{"message":"::1 - - [03/Sep/2018:14:45:05 +0000] \"GET /apidoc/locales/it.js?v=1535985904718 HTTP/1.1\" 200 -\n","level":"info"}
{"message":"::1 - - [03/Sep/2018:14:45:05 +0000] \"GET /apidoc/locales/fr.js?v=1535985904718 HTTP/1.1\" 200 -\n","level":"info"}
{"message":"::1 - - [03/Sep/2018:14:45:05 +0000] \"GET /apidoc/locales/nl.js?v=1535985904718 HTTP/1.1\" 200 -\n","level":"info"}
{"message":"::1 - - [03/Sep/2018:14:45:05 +0000] \"GET /apidoc/locales/pl.js?v=1535985904718 HTTP/1.1\" 200 -\n","level":"info"}
{"message":"::1 - - [03/Sep/2018:14:45:05 +0000] \"GET /apidoc/locales/pt_br.js?v=1535985904718 HTTP/1.1\" 200 -\n","level":"info"}
{"message":"::1 - - [03/Sep/2018:14:45:05 +0000] \"GET /apidoc/locales/ro.js?v=1535985904718 HTTP/1.1\" 200 -\n","level":"info"}
{"message":"::1 - - [03/Sep/2018:14:45:05 +0000] \"GET /apidoc/locales/ru.js?v=1535985904718 HTTP/1.1\" 200 -\n","level":"info"}
{"message":"::1 - - [03/Sep/2018:14:45:05 +0000] \"GET /apidoc/locales/tr.js?v=1535985904718 HTTP/1.1\" 200 -\n","level":"info"}
{"message":"::1 - - [03/Sep/2018:14:45:05 +0000] \"GET /apidoc/locales/vi.js?v=1535985904718 HTTP/1.1\" 200 -\n","level":"info"}
{"message":"::1 - - [03/Sep/2018:14:45:05 +0000] \"GET /apidoc/locales/zh.js?v=1535985904718 HTTP/1.1\" 200 -\n","level":"info"}
{"message":"::1 - - [03/Sep/2018:14:45:05 +0000] \"GET /apidoc/locales/zh_cn.js?v=1535985904718 HTTP/1.1\" 200 -\n","level":"info"}
{"message":"::1 - - [03/Sep/2018:14:45:06 +0000] \"GET /apidoc/vendor/prettify/prettify.js?v=1535985904718 HTTP/1.1\" 200 -\n","level":"info"}
{"message":"::1 - - [03/Sep/2018:14:45:07 +0000] \"GET /apidoc/vendor/bootstrap.min.js?v=1535985904718 HTTP/1.1\" 200 -\n","level":"info"}
{"message":"::1 - - [03/Sep/2018:14:45:07 +0000] \"GET /apidoc/vendor/handlebars.min.js?v=1535985904718 HTTP/1.1\" 200 -\n","level":"info"}
{"message":"::1 - - [03/Sep/2018:14:46:13 +0000] \"GET / HTTP/1.1\" 304 -\n","level":"info"}
{"message":"::1 - - [03/Sep/2018:14:46:13 +0000] \"GET /assets/css/nucleo-icons.css HTTP/1.1\" 404 166\n","level":"info"}
{"message":"::1 - - [03/Sep/2018:14:46:13 +0000] \"GET /assets/js/core/bootstrap.min.js HTTP/1.1\" 404 170\n","level":"info"}
{"message":"::1 - - [03/Sep/2018:14:46:13 +0000] \"GET /assets/css/bootstrap.min.css HTTP/1.1\" 404 167\n","level":"info"}
{"message":"::1 - - [03/Sep/2018:14:46:13 +0000] \"GET /assets/js/core/popper.min.js HTTP/1.1\" 404 167\n","level":"info"}
{"message":"::1 - - [03/Sep/2018:14:46:13 +0000] \"GET /assets/js/core/jquery.min.js HTTP/1.1\" 404 167\n","level":"info"}
{"message":"::1 - - [03/Sep/2018:14:46:13 +0000] \"GET /assets/demo/demo.css HTTP/1.1\" 404 159\n","level":"info"}
{"message":"::1 - - [03/Sep/2018:14:46:13 +0000] \"GET /assets/css/black-dashboard.css?v=1.0.0 HTTP/1.1\" 404 169\n","level":"info"}
{"message":"::1 - - [03/Sep/2018:14:46:13 +0000] \"GET /assets/js/plugins/perfect-scrollbar.jquery.min.js HTTP/1.1\" 404 188\n","level":"info"}
{"message":"::1 - - [03/Sep/2018:14:46:13 +0000] \"GET /assets/js/plugins/chartjs.min.js HTTP/1.1\" 404 171\n","level":"info"}
{"message":"::1 - - [03/Sep/2018:14:46:13 +0000] \"GET /assets/js/plugins/bootstrap-notify.js HTTP/1.1\" 404 176\n","level":"info"}
{"message":"::1 - - [03/Sep/2018:14:46:13 +0000] \"GET /assets/js/black-dashboard.min.js?v=1.0.0 HTTP/1.1\" 404 171\n","level":"info"}
{"message":"::1 - - [03/Sep/2018:14:46:13 +0000] \"GET /assets/demo/demo.js HTTP/1.1\" 404 158\n","level":"info"}
{"message":"::1 - - [03/Sep/2018:14:46:13 +0000] \"GET /assets/img/anime3.png HTTP/1.1\" 404 160\n","level":"info"}
{"message":"::1 - - [03/Sep/2018:14:46:13 +0000] \"GET /assets/js/core/jquery.min.js HTTP/1.1\" 404 167\n","level":"info"}
{"message":"::1 - - [03/Sep/2018:14:46:13 +0000] \"GET /assets/js/core/popper.min.js HTTP/1.1\" 404 167\n","level":"info"}
{"message":"::1 - - [03/Sep/2018:14:46:13 +0000] \"GET /assets/js/core/bootstrap.min.js HTTP/1.1\" 404 170\n","level":"info"}
{"message":"::1 - - [03/Sep/2018:14:46:13 +0000] \"GET /assets/js/plugins/perfect-scrollbar.jquery.min.js HTTP/1.1\" 404 188\n","level":"info"}
{"message":"::1 - - [03/Sep/2018:14:46:13 +0000] \"GET /assets/js/plugins/chartjs.min.js HTTP/1.1\" 404 171\n","level":"info"}
{"message":"::1 - - [03/Sep/2018:14:46:13 +0000] \"GET /assets/js/plugins/bootstrap-notify.js HTTP/1.1\" 404 176\n","level":"info"}
{"message":"::1 - - [03/Sep/2018:14:46:13 +0000] \"GET /assets/js/black-dashboard.min.js?v=1.0.0 HTTP/1.1\" 404 171\n","level":"info"}
{"message":"::1 - - [03/Sep/2018:14:46:13 +0000] \"GET /assets/demo/demo.js HTTP/1.1\" 404 158\n","level":"info"}
{"message":"::1 - - [03/Sep/2018:14:48:10 +0000] \"GET / HTTP/1.1\" 304 -\n","level":"info"}
{"message":"::1 - - [03/Sep/2018:14:48:10 +0000] \"GET /assets/css/nucleo-icons.css HTTP/1.1\" 404 166\n","level":"info"}
{"message":"::1 - - [03/Sep/2018:14:48:10 +0000] \"GET /assets/js/core/bootstrap.min.js HTTP/1.1\" 404 170\n","level":"info"}
{"message":"::1 - - [03/Sep/2018:14:48:10 +0000] \"GET /assets/css/bootstrap.min.css HTTP/1.1\" 404 167\n","level":"info"}
{"message":"::1 - - [03/Sep/2018:14:48:10 +0000] \"GET /assets/css/black-dashboard.css?v=1.0.0 HTTP/1.1\" 404 169\n","level":"info"}
{"message":"::1 - - [03/Sep/2018:14:48:10 +0000] \"GET /assets/demo/demo.css HTTP/1.1\" 404 159\n","level":"info"}
{"message":"::1 - - [03/Sep/2018:14:48:10 +0000] \"GET /assets/js/core/jquery.min.js HTTP/1.1\" 404 167\n","level":"info"}
{"message":"::1 - - [03/Sep/2018:14:48:10 +0000] \"GET /assets/js/core/popper.min.js HTTP/1.1\" 404 167\n","level":"info"}
{"message":"::1 - - [03/Sep/2018:14:48:10 +0000] \"GET /assets/js/plugins/perfect-scrollbar.jquery.min.js HTTP/1.1\" 404 188\n","level":"info"}
{"message":"::1 - - [03/Sep/2018:14:48:10 +0000] \"GET /assets/js/plugins/chartjs.min.js HTTP/1.1\" 404 171\n","level":"info"}
{"message":"::1 - - [03/Sep/2018:14:48:10 +0000] \"GET /assets/js/plugins/bootstrap-notify.js HTTP/1.1\" 404 176\n","level":"info"}
{"message":"::1 - - [03/Sep/2018:14:48:10 +0000] \"GET /assets/js/black-dashboard.min.js?v=1.0.0 HTTP/1.1\" 404 171\n","level":"info"}
{"message":"::1 - - [03/Sep/2018:14:48:10 +0000] \"GET /assets/demo/demo.js HTTP/1.1\" 404 158\n","level":"info"}
{"message":"::1 - - [03/Sep/2018:14:48:10 +0000] \"GET /assets/img/anime3.png HTTP/1.1\" 404 160\n","level":"info"}
{"message":"::1 - - [03/Sep/2018:14:48:10 +0000] \"GET /assets/js/core/jquery.min.js HTTP/1.1\" 404 167\n","level":"info"}
{"message":"::1 - - [03/Sep/2018:14:48:10 +0000] \"GET /assets/js/core/popper.min.js HTTP/1.1\" 404 167\n","level":"info"}
{"message":"::1 - - [03/Sep/2018:14:48:10 +0000] \"GET /assets/js/core/bootstrap.min.js HTTP/1.1\" 404 170\n","level":"info"}
{"message":"::1 - - [03/Sep/2018:14:48:10 +0000] \"GET /assets/js/plugins/perfect-scrollbar.jquery.min.js HTTP/1.1\" 404 188\n","level":"info"}
{"message":"::1 - - [03/Sep/2018:14:48:11 +0000] \"GET /assets/js/plugins/chartjs.min.js HTTP/1.1\" 404 171\n","level":"info"}
{"message":"::1 - - [03/Sep/2018:14:48:11 +0000] \"GET /assets/js/plugins/bootstrap-notify.js HTTP/1.1\" 404 176\n","level":"info"}
{"message":"::1 - - [03/Sep/2018:14:48:11 +0000] \"GET /assets/js/black-dashboard.min.js?v=1.0.0 HTTP/1.1\" 404 171\n","level":"info"}
{"message":"::1 - - [03/Sep/2018:14:48:11 +0000] \"GET /assets/demo/demo.js HTTP/1.1\" 404 158\n","level":"info"}
{"message":"::1 - - [03/Sep/2018:14:50:34 +0000] \"GET / HTTP/1.1\" 200 -\n","level":"info"}
{"message":"::1 - - [03/Sep/2018:14:50:34 +0000] \"GET /static/assets/css/nucleo-icons.css HTTP/1.1\" 404 173\n","level":"info"}
{"message":"::1 - - [03/Sep/2018:14:50:34 +0000] \"GET /static/assets/css/bootstrap.min.css HTTP/1.1\" 404 174\n","level":"info"}
{"message":"::1 - - [03/Sep/2018:14:50:34 +0000] \"GET /static/assets/css/black-dashboard.css?v=1.0.0 HTTP/1.1\" 404 176\n","level":"info"}
{"message":"::1 - - [03/Sep/2018:14:50:34 +0000] \"GET /static/assets/demo/demo.css HTTP/1.1\" 404 166\n","level":"info"}
{"message":"::1 - - [03/Sep/2018:14:50:34 +0000] \"GET /static/assets/img/anime3.png HTTP/1.1\" 404 167\n","level":"info"}
{"message":"::1 - - [03/Sep/2018:14:50:34 +0000] \"GET /static/assets/js/core/jquery.min.js HTTP/1.1\" 404 174\n","level":"info"}
{"message":"::1 - - [03/Sep/2018:14:50:34 +0000] \"GET /static/assets/js/core/popper.min.js HTTP/1.1\" 404 174\n","level":"info"}
{"message":"::1 - - [03/Sep/2018:14:50:34 +0000] \"GET /static/assets/js/core/bootstrap.min.js HTTP/1.1\" 404 177\n","level":"info"}
{"message":"::1 - - [03/Sep/2018:14:50:34 +0000] \"GET /static/assets/js/plugins/perfect-scrollbar.jquery.min.js HTTP/1.1\" 404 195\n","level":"info"}
{"message":"::1 - - [03/Sep/2018:14:50:34 +0000] \"GET /static/assets/js/plugins/chartjs.min.js HTTP/1.1\" 404 178\n","level":"info"}
{"message":"::1 - - [03/Sep/2018:14:50:34 +0000] \"GET /static/assets/js/plugins/bootstrap-notify.js HTTP/1.1\" 404 183\n","level":"info"}
{"message":"::1 - - [03/Sep/2018:14:50:34 +0000] \"GET /static/assets/js/black-dashboard.min.js?v=1.0.0 HTTP/1.1\" 404 178\n","level":"info"}
{"message":"::1 - - [03/Sep/2018:14:50:34 +0000] \"GET /static/assets/demo/demo.js HTTP/1.1\" 404 165\n","level":"info"}
{"message":"::1 - - [03/Sep/2018:14:50:34 +0000] \"GET /static/assets/js/core/jquery.min.js HTTP/1.1\" 404 174\n","level":"info"}
{"message":"::1 - - [03/Sep/2018:14:50:34 +0000] \"GET /static/assets/js/core/popper.min.js HTTP/1.1\" 404 174\n","level":"info"}
{"message":"::1 - - [03/Sep/2018:14:50:34 +0000] \"GET /static/assets/js/core/bootstrap.min.js HTTP/1.1\" 404 177\n","level":"info"}
{"message":"::1 - - [03/Sep/2018:14:50:34 +0000] \"GET /static/assets/js/plugins/perfect-scrollbar.jquery.min.js HTTP/1.1\" 404 195\n","level":"info"}
{"message":"::1 - - [03/Sep/2018:14:50:34 +0000] \"GET /static/assets/js/plugins/chartjs.min.js HTTP/1.1\" 404 178\n","level":"info"}
{"message":"::1 - - [03/Sep/2018:14:50:34 +0000] \"GET /static/assets/js/plugins/bootstrap-notify.js HTTP/1.1\" 404 183\n","level":"info"}
{"message":"::1 - - [03/Sep/2018:14:50:34 +0000] \"GET /static/assets/js/black-dashboard.min.js?v=1.0.0 HTTP/1.1\" 404 178\n","level":"info"}
{"message":"::1 - - [03/Sep/2018:14:50:34 +0000] \"GET /static/assets/demo/demo.js HTTP/1.1\" 404 165\n","level":"info"}
{"message":"::1 - - [03/Sep/2018:14:50:35 +0000] \"GET /static/assets/img/favicon.png HTTP/1.1\" 404 168\n","level":"info"}
{"message":"::1 - - [03/Sep/2018:14:50:36 +0000] \"GET /static/assets/css/nucleo-icons.css HTTP/1.1\" 404 173\n","level":"info"}
{"message":"::1 - - [03/Sep/2018:14:50:36 +0000] \"GET /static/assets/css/bootstrap.min.css HTTP/1.1\" 404 174\n","level":"info"}
{"message":"::1 - - [03/Sep/2018:14:50:36 +0000] \"GET /static/assets/css/black-dashboard.css?v=1.0.0 HTTP/1.1\" 404 176\n","level":"info"}
{"message":"::1 - - [03/Sep/2018:14:50:36 +0000] \"GET /static/assets/demo/demo.css HTTP/1.1\" 404 166\n","level":"info"}
{"message":"::1 - - [03/Sep/2018:14:50:38 +0000] \"GET / HTTP/1.1\" 304 -\n","level":"info"}
{"message":"::1 - - [03/Sep/2018:14:50:39 +0000] \"GET /static/assets/css/nucleo-icons.css HTTP/1.1\" 404 173\n","level":"info"}
{"message":"::1 - - [03/Sep/2018:14:50:39 +0000] \"GET /static/assets/css/bootstrap.min.css HTTP/1.1\" 404 174\n","level":"info"}
{"message":"::1 - - [03/Sep/2018:14:50:39 +0000] \"GET /static/assets/css/black-dashboard.css?v=1.0.0 HTTP/1.1\" 404 176\n","level":"info"}
{"message":"::1 - - [03/Sep/2018:14:50:39 +0000] \"GET /static/assets/demo/demo.css HTTP/1.1\" 404 166\n","level":"info"}
{"message":"::1 - - [03/Sep/2018:14:50:39 +0000] \"GET /static/assets/img/anime3.png HTTP/1.1\" 404 167\n","level":"info"}
{"message":"::1 - - [03/Sep/2018:14:50:39 +0000] \"GET /static/assets/js/core/jquery.min.js HTTP/1.1\" 404 174\n","level":"info"}
{"message":"::1 - - [03/Sep/2018:14:50:39 +0000] \"GET /static/assets/js/core/popper.min.js HTTP/1.1\" 404 174\n","level":"info"}
{"message":"::1 - - [03/Sep/2018:14:50:39 +0000] \"GET /static/assets/js/core/bootstrap.min.js HTTP/1.1\" 404 177\n","level":"info"}
{"message":"::1 - - [03/Sep/2018:14:50:39 +0000] \"GET /static/assets/js/plugins/perfect-scrollbar.jquery.min.js HTTP/1.1\" 404 195\n","level":"info"}
{"message":"::1 - - [03/Sep/2018:14:50:39 +0000] \"GET /static/assets/js/plugins/chartjs.min.js HTTP/1.1\" 404 178\n","level":"info"}
{"message":"::1 - - [03/Sep/2018:14:50:39 +0000] \"GET /static/assets/js/plugins/bootstrap-notify.js HTTP/1.1\" 404 183\n","level":"info"}
{"message":"::1 - - [03/Sep/2018:14:50:39 +0000] \"GET /static/assets/js/black-dashboard.min.js?v=1.0.0 HTTP/1.1\" 404 178\n","level":"info"}
{"message":"::1 - - [03/Sep/2018:14:50:39 +0000] \"GET /static/assets/demo/demo.js HTTP/1.1\" 404 165\n","level":"info"}
{"message":"::1 - - [03/Sep/2018:14:50:39 +0000] \"GET /static/assets/js/core/jquery.min.js HTTP/1.1\" 404 174\n","level":"info"}
{"message":"::1 - - [03/Sep/2018:14:50:39 +0000] \"GET /static/assets/js/core/popper.min.js HTTP/1.1\" 404 174\n","level":"info"}
{"message":"::1 - - [03/Sep/2018:14:50:39 +0000] \"GET /static/assets/js/core/bootstrap.min.js HTTP/1.1\" 404 177\n","level":"info"}
{"message":"::1 - - [03/Sep/2018:14:50:39 +0000] \"GET /static/assets/js/plugins/perfect-scrollbar.jquery.min.js HTTP/1.1\" 404 195\n","level":"info"}
{"message":"::1 - - [03/Sep/2018:14:50:39 +0000] \"GET /static/assets/js/plugins/chartjs.min.js HTTP/1.1\" 404 178\n","level":"info"}
{"message":"::1 - - [03/Sep/2018:14:50:39 +0000] \"GET /static/assets/js/plugins/bootstrap-notify.js HTTP/1.1\" 404 183\n","level":"info"}
{"message":"::1 - - [03/Sep/2018:14:50:39 +0000] \"GET /static/assets/js/black-dashboard.min.js?v=1.0.0 HTTP/1.1\" 404 178\n","level":"info"}
{"message":"::1 - - [03/Sep/2018:14:50:39 +0000] \"GET /static/assets/demo/demo.js HTTP/1.1\" 404 165\n","level":"info"}
{"message":"::1 - - [03/Sep/2018:14:52:50 +0000] \"GET / HTTP/1.1\" 304 -\n","level":"info"}
{"message":"::1 - - [03/Sep/2018:14:52:50 +0000] \"GET /static/assets/css/nucleo-icons.css HTTP/1.1\" 404 173\n","level":"info"}
{"message":"::1 - - [03/Sep/2018:14:52:50 +0000] \"GET /static/assets/css/bootstrap.min.css HTTP/1.1\" 404 174\n","level":"info"}
{"message":"::1 - - [03/Sep/2018:14:52:50 +0000] \"GET /static/assets/css/black-dashboard.css?v=1.0.0 HTTP/1.1\" 404 176\n","level":"info"}
{"message":"::1 - - [03/Sep/2018:14:52:50 +0000] \"GET /static/assets/demo/demo.css HTTP/1.1\" 404 166\n","level":"info"}
{"message":"::1 - - [03/Sep/2018:14:52:50 +0000] \"GET /static/assets/img/anime3.png HTTP/1.1\" 404 167\n","level":"info"}
{"message":"::1 - - [03/Sep/2018:14:52:50 +0000] \"GET /static/assets/js/core/jquery.min.js HTTP/1.1\" 404 174\n","level":"info"}
{"message":"::1 - - [03/Sep/2018:14:52:50 +0000] \"GET /static/assets/js/core/popper.min.js HTTP/1.1\" 404 174\n","level":"info"}
{"message":"::1 - - [03/Sep/2018:14:52:50 +0000] \"GET /static/assets/js/core/bootstrap.min.js HTTP/1.1\" 404 177\n","level":"info"}
{"message":"::1 - - [03/Sep/2018:14:52:50 +0000] \"GET /static/assets/js/plugins/perfect-scrollbar.jquery.min.js HTTP/1.1\" 404 195\n","level":"info"}
{"message":"::1 - - [03/Sep/2018:14:52:50 +0000] \"GET /static/assets/js/plugins/chartjs.min.js HTTP/1.1\" 404 178\n","level":"info"}
{"message":"::1 - - [03/Sep/2018:14:52:50 +0000] \"GET /static/assets/js/plugins/bootstrap-notify.js HTTP/1.1\" 404 183\n","level":"info"}
{"message":"::1 - - [03/Sep/2018:14:52:50 +0000] \"GET /static/assets/js/black-dashboard.min.js?v=1.0.0 HTTP/1.1\" 404 178\n","level":"info"}
{"message":"::1 - - [03/Sep/2018:14:52:50 +0000] \"GET /static/assets/demo/demo.js HTTP/1.1\" 404 165\n","level":"info"}
{"message":"::1 - - [03/Sep/2018:14:52:50 +0000] \"GET /static/assets/js/core/jquery.min.js HTTP/1.1\" 404 174\n","level":"info"}
{"message":"::1 - - [03/Sep/2018:14:52:50 +0000] \"GET /static/assets/js/core/popper.min.js HTTP/1.1\" 404 174\n","level":"info"}
{"message":"::1 - - [03/Sep/2018:14:52:50 +0000] \"GET /static/assets/js/core/bootstrap.min.js HTTP/1.1\" 404 177\n","level":"info"}
{"message":"::1 - - [03/Sep/2018:14:52:50 +0000] \"GET /static/assets/js/plugins/perfect-scrollbar.jquery.min.js HTTP/1.1\" 404 195\n","level":"info"}
{"message":"::1 - - [03/Sep/2018:14:52:50 +0000] \"GET /static/assets/js/plugins/chartjs.min.js HTTP/1.1\" 404 178\n","level":"info"}
{"message":"::1 - - [03/Sep/2018:14:52:50 +0000] \"GET /static/assets/js/plugins/bootstrap-notify.js HTTP/1.1\" 404 183\n","level":"info"}
{"message":"::1 - - [03/Sep/2018:14:52:50 +0000] \"GET /static/assets/js/black-dashboard.min.js?v=1.0.0 HTTP/1.1\" 404 178\n","level":"info"}
{"message":"::1 - - [03/Sep/2018:14:52:50 +0000] \"GET /static/assets/demo/demo.js HTTP/1.1\" 404 165\n","level":"info"}
{"message":"::1 - - [03/Sep/2018:14:54:49 +0000] \"GET / HTTP/1.1\" 304 -\n","level":"info"}
{"message":"::1 - - [03/Sep/2018:14:54:49 +0000] \"GET /static/assets/css/nucleo-icons.css HTTP/1.1\" 404 173\n","level":"info"}
{"message":"::1 - - [03/Sep/2018:14:54:49 +0000] \"GET /static/assets/css/bootstrap.min.css HTTP/1.1\" 404 174\n","level":"info"}
{"message":"::1 - - [03/Sep/2018:14:54:49 +0000] \"GET /static/assets/css/black-dashboard.css?v=1.0.0 HTTP/1.1\" 404 176\n","level":"info"}
{"message":"::1 - - [03/Sep/2018:14:54:49 +0000] \"GET /static/assets/demo/demo.css HTTP/1.1\" 404 166\n","level":"info"}
{"message":"::1 - - [03/Sep/2018:14:54:49 +0000] \"GET /static/assets/img/anime3.png HTTP/1.1\" 404 167\n","level":"info"}
{"message":"::1 - - [03/Sep/2018:14:54:49 +0000] \"GET /static/assets/js/core/jquery.min.js HTTP/1.1\" 404 174\n","level":"info"}
{"message":"::1 - - [03/Sep/2018:14:54:49 +0000] \"GET /static/assets/js/core/popper.min.js HTTP/1.1\" 404 174\n","level":"info"}
{"message":"::1 - - [03/Sep/2018:14:54:49 +0000] \"GET /static/assets/js/core/bootstrap.min.js HTTP/1.1\" 404 177\n","level":"info"}
{"message":"::1 - - [03/Sep/2018:14:54:49 +0000] \"GET /static/assets/js/plugins/perfect-scrollbar.jquery.min.js HTTP/1.1\" 404 195\n","level":"info"}
{"message":"::1 - - [03/Sep/2018:14:54:49 +0000] \"GET /static/assets/js/plugins/chartjs.min.js HTTP/1.1\" 404 178\n","level":"info"}
{"message":"::1 - - [03/Sep/2018:14:54:49 +0000] \"GET /static/assets/js/plugins/bootstrap-notify.js HTTP/1.1\" 404 183\n","level":"info"}
{"message":"::1 - - [03/Sep/2018:14:54:49 +0000] \"GET /static/assets/js/black-dashboard.min.js?v=1.0.0 HTTP/1.1\" 404 178\n","level":"info"}
{"message":"::1 - - [03/Sep/2018:14:54:49 +0000] \"GET /static/assets/demo/demo.js HTTP/1.1\" 404 165\n","level":"info"}
{"message":"::1 - - [03/Sep/2018:14:54:49 +0000] \"GET /static/assets/js/core/jquery.min.js HTTP/1.1\" 404 174\n","level":"info"}
{"message":"::1 - - [03/Sep/2018:14:54:49 +0000] \"GET /static/assets/js/core/popper.min.js HTTP/1.1\" 404 174\n","level":"info"}
{"message":"::1 - - [03/Sep/2018:14:54:49 +0000] \"GET /static/assets/js/core/bootstrap.min.js HTTP/1.1\" 404 177\n","level":"info"}
{"message":"::1 - - [03/Sep/2018:14:54:49 +0000] \"GET /static/assets/js/plugins/perfect-scrollbar.jquery.min.js HTTP/1.1\" 404 195\n","level":"info"}
{"message":"::1 - - [03/Sep/2018:14:54:49 +0000] \"GET /static/assets/js/plugins/chartjs.min.js HTTP/1.1\" 404 178\n","level":"info"}
{"message":"::1 - - [03/Sep/2018:14:54:49 +0000] \"GET /static/assets/js/plugins/bootstrap-notify.js HTTP/1.1\" 404 183\n","level":"info"}
{"message":"::1 - - [03/Sep/2018:14:54:49 +0000] \"GET /static/assets/js/black-dashboard.min.js?v=1.0.0 HTTP/1.1\" 404 178\n","level":"info"}
{"message":"::1 - - [03/Sep/2018:14:54:49 +0000] \"GET /static/assets/demo/demo.js HTTP/1.1\" 404 165\n","level":"info"}
{"message":"::1 - - [03/Sep/2018:14:56:52 +0000] \"GET / HTTP/1.1\" 200 -\n","level":"info"}
{"message":"::1 - - [03/Sep/2018:14:56:52 +0000] \"GET /static/assets/css/black-dashboard.css?v=1.0.0 HTTP/1.1\" 404 176\n","level":"info"}
{"message":"::1 - - [03/Sep/2018:14:56:52 +0000] \"GET /static/assets/demo/demo.css HTTP/1.1\" 404 166\n","level":"info"}
{"message":"::1 - - [03/Sep/2018:14:56:52 +0000] \"GET /static/assets/img/anime3.png HTTP/1.1\" 404 167\n","level":"info"}
{"message":"::1 - - [03/Sep/2018:14:56:52 +0000] \"GET /static/assets/js/core/jquery.min.js HTTP/1.1\" 404 174\n","level":"info"}
{"message":"::1 - - [03/Sep/2018:14:56:52 +0000] \"GET /css/nucleo-icons.css HTTP/1.1\" 200 -\n","level":"info"}
{"message":"::1 - - [03/Sep/2018:14:56:52 +0000] \"GET /css/bootstrap.min.css HTTP/1.1\" 200 -\n","level":"info"}
{"message":"::1 - - [03/Sep/2018:14:56:52 +0000] \"GET /static/assets/js/core/popper.min.js HTTP/1.1\" 404 174\n","level":"info"}
{"message":"::1 - - [03/Sep/2018:14:56:52 +0000] \"GET /static/assets/js/core/bootstrap.min.js HTTP/1.1\" 404 177\n","level":"info"}
{"message":"::1 - - [03/Sep/2018:14:56:52 +0000] \"GET /static/assets/js/plugins/perfect-scrollbar.jquery.min.js HTTP/1.1\" 404 195\n","level":"info"}
{"message":"::1 - - [03/Sep/2018:14:56:52 +0000] \"GET /static/assets/js/plugins/chartjs.min.js HTTP/1.1\" 404 178\n","level":"info"}
{"message":"::1 - - [03/Sep/2018:14:56:52 +0000] \"GET /static/assets/js/plugins/bootstrap-notify.js HTTP/1.1\" 404 183\n","level":"info"}
{"message":"::1 - - [03/Sep/2018:14:56:52 +0000] \"GET /static/assets/js/black-dashboard.min.js?v=1.0.0 HTTP/1.1\" 404 178\n","level":"info"}
{"message":"::1 - - [03/Sep/2018:14:56:52 +0000] \"GET /static/assets/demo/demo.js HTTP/1.1\" 404 165\n","level":"info"}
{"message":"::1 - - [03/Sep/2018:14:56:52 +0000] \"GET /fonts/nucleo.woff2 HTTP/1.1\" 200 12616\n","level":"info"}
{"message":"::1 - - [03/Sep/2018:14:56:52 +0000] \"GET /static/assets/js/core/jquery.min.js HTTP/1.1\" 404 174\n","level":"info"}
{"message":"::1 - - [03/Sep/2018:14:56:52 +0000] \"GET /static/assets/js/core/popper.min.js HTTP/1.1\" 404 174\n","level":"info"}
{"message":"::1 - - [03/Sep/2018:14:56:52 +0000] \"GET /static/assets/js/core/bootstrap.min.js HTTP/1.1\" 404 177\n","level":"info"}
{"message":"::1 - - [03/Sep/2018:14:56:52 +0000] \"GET /static/assets/js/plugins/perfect-scrollbar.jquery.min.js HTTP/1.1\" 404 195\n","level":"info"}
{"message":"::1 - - [03/Sep/2018:14:56:52 +0000] \"GET /static/assets/js/plugins/chartjs.min.js HTTP/1.1\" 404 178\n","level":"info"}
{"message":"::1 - - [03/Sep/2018:14:56:52 +0000] \"GET /static/assets/js/plugins/bootstrap-notify.js HTTP/1.1\" 404 183\n","level":"info"}
{"message":"::1 - - [03/Sep/2018:14:56:52 +0000] \"GET /static/assets/js/black-dashboard.min.js?v=1.0.0 HTTP/1.1\" 404 178\n","level":"info"}
{"message":"::1 - - [03/Sep/2018:14:56:52 +0000] \"GET /static/assets/demo/demo.js HTTP/1.1\" 404 165\n","level":"info"}
{"message":"::1 - - [03/Sep/2018:14:59:04 +0000] \"GET / HTTP/1.1\" 200 -\n","level":"info"}
{"message":"::1 - - [03/Sep/2018:14:59:05 +0000] \"GET /css/nucleo-icons.css HTTP/1.1\" 304 -\n","level":"info"}
{"message":"::1 - - [03/Sep/2018:14:59:05 +0000] \"GET /css/black-dashboard.css?v=1.0.0 HTTP/1.1\" 200 -\n","level":"info"}
{"message":"::1 - - [03/Sep/2018:14:59:05 +0000] \"GET /css/bootstrap.min.css HTTP/1.1\" 304 -\n","level":"info"}
{"message":"::1 - - [03/Sep/2018:14:59:05 +0000] \"GET /demo/demo.css HTTP/1.1\" 200 904\n","level":"info"}
{"message":"::1 - - [03/Sep/2018:14:59:05 +0000] \"GET /img/anime3.png HTTP/1.1\" 200 37930\n","level":"info"}
{"message":"::1 - - [03/Sep/2018:14:59:05 +0000] \"GET /js/core/jquery.min.js HTTP/1.1\" 200 -\n","level":"info"}
{"message":"::1 - - [03/Sep/2018:14:59:05 +0000] \"GET /js/core/popper.min.js HTTP/1.1\" 200 -\n","level":"info"}
{"message":"::1 - - [03/Sep/2018:14:59:05 +0000] \"GET /js/plugins/perfect-scrollbar.jquery.min.js HTTP/1.1\" 200 -\n","level":"info"}
{"message":"::1 - - [03/Sep/2018:14:59:05 +0000] \"GET /js/core/bootstrap.min.js HTTP/1.1\" 200 -\n","level":"info"}
{"message":"::1 - - [03/Sep/2018:14:59:05 +0000] \"GET /js/black-dashboard.min.js?v=1.0.0 HTTP/1.1\" 200 -\n","level":"info"}
{"message":"::1 - - [03/Sep/2018:14:59:05 +0000] \"GET /js/plugins/bootstrap-notify.js HTTP/1.1\" 200 -\n","level":"info"}
{"message":"::1 - - [03/Sep/2018:14:59:05 +0000] \"GET /js/plugins/chartjs.min.js HTTP/1.1\" 200 -\n","level":"info"}
{"message":"::1 - - [03/Sep/2018:14:59:05 +0000] \"GET /static/assets/demo/demo.js HTTP/1.1\" 404 165\n","level":"info"}
{"message":"::1 - - [03/Sep/2018:14:59:05 +0000] \"GET /fonts/nucleo.woff2 HTTP/1.1\" 304 -\n","level":"info"}
{"message":"::1 - - [03/Sep/2018:14:59:05 +0000] \"GET /css/dashboard-free.css.map HTTP/1.1\" 404 165\n","level":"info"}
{"message":"::1 - - [03/Sep/2018:14:59:05 +0000] \"GET /static/assets/demo/demo.js HTTP/1.1\" 404 165\n","level":"info"}
{"message":"::1 - - [03/Sep/2018:14:59:05 +0000] \"GET /js/_site_dashboard_free/assets/js/dashboard-free.js.map HTTP/1.1\" 404 194\n","level":"info"}
{"message":"::1 - - [03/Sep/2018:14:59:05 +0000] \"GET /img/favicon.png HTTP/1.1\" 200 2761\n","level":"info"}
{"message":"::1 - - [03/Sep/2018:14:59:30 +0000] \"GET /icons.html HTTP/1.1\" 404 149\n","level":"info"}
{"message":"::1 - - [03/Sep/2018:14:59:30 +0000] \"GET /favicon.ico HTTP/1.1\" 404 150\n","level":"info"}
{"message":"::1 - - [03/Sep/2018:14:59:52 +0000] \"GET / HTTP/1.1\" 304 -\n","level":"info"}
{"message":"::1 - - [03/Sep/2018:14:59:52 +0000] \"GET /css/nucleo-icons.css HTTP/1.1\" 304 -\n","level":"info"}
{"message":"::1 - - [03/Sep/2018:14:59:52 +0000] \"GET /css/bootstrap.min.css HTTP/1.1\" 304 -\n","level":"info"}
{"message":"::1 - - [03/Sep/2018:14:59:52 +0000] \"GET /css/black-dashboard.css?v=1.0.0 HTTP/1.1\" 304 -\n","level":"info"}
{"message":"::1 - - [03/Sep/2018:14:59:52 +0000] \"GET /demo/demo.css HTTP/1.1\" 304 -\n","level":"info"}
{"message":"::1 - - [03/Sep/2018:14:59:52 +0000] \"GET /img/anime3.png HTTP/1.1\" 304 -\n","level":"info"}
{"message":"::1 - - [03/Sep/2018:14:59:52 +0000] \"GET /js/core/jquery.min.js HTTP/1.1\" 304 -\n","level":"info"}
{"message":"::1 - - [03/Sep/2018:14:59:52 +0000] \"GET /js/core/popper.min.js HTTP/1.1\" 304 -\n","level":"info"}
{"message":"::1 - - [03/Sep/2018:14:59:52 +0000] \"GET /js/core/bootstrap.min.js HTTP/1.1\" 304 -\n","level":"info"}
{"message":"::1 - - [03/Sep/2018:14:59:52 +0000] \"GET /js/plugins/perfect-scrollbar.jquery.min.js HTTP/1.1\" 304 -\n","level":"info"}
{"message":"::1 - - [03/Sep/2018:14:59:52 +0000] \"GET /js/plugins/chartjs.min.js HTTP/1.1\" 304 -\n","level":"info"}
{"message":"::1 - - [03/Sep/2018:14:59:52 +0000] \"GET /js/plugins/bootstrap-notify.js HTTP/1.1\" 304 -\n","level":"info"}
{"message":"::1 - - [03/Sep/2018:14:59:52 +0000] \"GET /js/black-dashboard.min.js?v=1.0.0 HTTP/1.1\" 304 -\n","level":"info"}
{"message":"::1 - - [03/Sep/2018:14:59:52 +0000] \"GET /static/assets/demo/demo.js HTTP/1.1\" 404 165\n","level":"info"}
{"message":"::1 - - [03/Sep/2018:14:59:52 +0000] \"GET /fonts/nucleo.woff2 HTTP/1.1\" 304 -\n","level":"info"}
{"message":"::1 - - [03/Sep/2018:14:59:52 +0000] \"GET /static/assets/demo/demo.js HTTP/1.1\" 404 165\n","level":"info"}
{"message":"::1 - - [03/Sep/2018:14:59:52 +0000] \"GET /img/favicon.png HTTP/1.1\" 200 2761\n","level":"info"}
